Compiling the CUDA compiler identification source file "CMakeCUDACompilerId.cu" failed.
Compiler: /usr/local/cuda/bin/nvcc 
Build flags: "--expt-relaxed-constexpr"
Id flags:  -v;--keep;--keep-dir;tmp

The output was:
1
#$ _SPACE_= 
#$ _CUDART_=cudart
#$ _HERE_=/usr/local/cuda/bin
#$ _THERE_=/usr/local/cuda/bin
#$ _TARGET_SIZE_=
#$ _TARGET_DIR_=
#$ _TARGET_SIZE_=64
#$ TOP=/usr/local/cuda/bin/..
#$ NVVMIR_LIBRARY_DIR=/usr/local/cuda/bin/../nvvm/libdevice
#$ LD_LIBRARY_PATH=/usr/local/cuda/bin/../lib:
#$ PATH=/usr/local/cuda/bin/../open64/bin:/usr/local/cuda/bin/../nvvm/bin:/usr/local/cuda/bin:/home/itiv/anaconda3/envs/lyft_detector/bin:/home/itiv/anaconda3/condabin:/home/itiv/bin:/home/itiv/.local/bin:/usr/local/sbin:/usr/local/bin:/usr/sbin:/usr/bin:/sbin:/bin:/usr/games:/usr/local/games:/usr/local/cuda/bin:/snap/bin
#$ INCLUDES="-I/usr/local/cuda/bin/..//include"  
#$ LIBRARIES=  "-L/usr/local/cuda/bin/..//lib64/stubs" "-L/usr/local/cuda/bin/..//lib64"
#$ CUDAFE_FLAGS=
#$ PTXAS_FLAGS=
nvcc fatal   : Don't know what to do with '"--expt-relaxed-constexpr"'


Performing C++ SOURCE FILE Test CMAKE_HAVE_LIBC_PTHREAD failed with the following output:
Change Dir: /home/itiv/Desktop/repo/scenarios_in_CarMaker/BA_Daniel/Kitti-Detector/spconv/build/temp.linux-x86_64-3.6/CMakeFiles/CMakeTmp

Run Build Command(s):/usr/bin/make cmTC_4c750/fast && /usr/bin/make -f CMakeFiles/cmTC_4c750.dir/build.make CMakeFiles/cmTC_4c750.dir/build
make[1]: Entering directory '/home/itiv/Desktop/repo/scenarios_in_CarMaker/BA_Daniel/Kitti-Detector/spconv/build/temp.linux-x86_64-3.6/CMakeFiles/CMakeTmp'
Building CXX object CMakeFiles/cmTC_4c750.dir/src.cxx.o
/usr/bin/c++    -DVERSION_INFO=\"1.0\" -DCMAKE_HAVE_LIBC_PTHREAD   -o CMakeFiles/cmTC_4c750.dir/src.cxx.o -c /home/itiv/Desktop/repo/scenarios_in_CarMaker/BA_Daniel/Kitti-Detector/spconv/build/temp.linux-x86_64-3.6/CMakeFiles/CMakeTmp/src.cxx
Linking CXX executable cmTC_4c750
/snap/cmake/252/bin/cmake -E cmake_link_script CMakeFiles/cmTC_4c750.dir/link.txt --verbose=1
/usr/bin/c++  -DVERSION_INFO=\"1.0\" -DCMAKE_HAVE_LIBC_PTHREAD    CMakeFiles/cmTC_4c750.dir/src.cxx.o  -o cmTC_4c750 
CMakeFiles/cmTC_4c750.dir/src.cxx.o: In function `main':
src.cxx:(.text+0x3c): undefined reference to `pthread_create'
src.cxx:(.text+0x48): undefined reference to `pthread_detach'
src.cxx:(.text+0x59): undefined reference to `pthread_join'
src.cxx:(.text+0x6d): undefined reference to `pthread_atfork'
collect2: error: ld returned 1 exit status
CMakeFiles/cmTC_4c750.dir/build.make:86: recipe for target 'cmTC_4c750' failed
make[1]: *** [cmTC_4c750] Error 1
make[1]: Leaving directory '/home/itiv/Desktop/repo/scenarios_in_CarMaker/BA_Daniel/Kitti-Detector/spconv/build/temp.linux-x86_64-3.6/CMakeFiles/CMakeTmp'
Makefile:121: recipe for target 'cmTC_4c750/fast' failed
make: *** [cmTC_4c750/fast] Error 2


Source file was:
#include <pthread.h>

void* test_func(void* data)
{
  return data;
}

int main(void)
{
  pthread_t thread;
  pthread_create(&thread, NULL, test_func, NULL);
  pthread_detach(thread);
  pthread_join(thread, NULL);
  pthread_atfork(NULL, NULL, NULL);
  pthread_exit(NULL);

  return 0;
}

Determining if the function pthread_create exists in the pthreads failed with the following output:
Change Dir: /home/itiv/Desktop/repo/scenarios_in_CarMaker/BA_Daniel/Kitti-Detector/spconv/build/temp.linux-x86_64-3.6/CMakeFiles/CMakeTmp

Run Build Command(s):/usr/bin/make cmTC_a5e04/fast && /usr/bin/make -f CMakeFiles/cmTC_a5e04.dir/build.make CMakeFiles/cmTC_a5e04.dir/build
make[1]: Entering directory '/home/itiv/Desktop/repo/scenarios_in_CarMaker/BA_Daniel/Kitti-Detector/spconv/build/temp.linux-x86_64-3.6/CMakeFiles/CMakeTmp'
Building CXX object CMakeFiles/cmTC_a5e04.dir/CheckFunctionExists.cxx.o
/usr/bin/c++    -DVERSION_INFO=\"1.0\" -DCHECK_FUNCTION_EXISTS=pthread_create   -o CMakeFiles/cmTC_a5e04.dir/CheckFunctionExists.cxx.o -c /home/itiv/Desktop/repo/scenarios_in_CarMaker/BA_Daniel/Kitti-Detector/spconv/build/temp.linux-x86_64-3.6/CMakeFiles/CheckLibraryExists/CheckFunctionExists.cxx
Linking CXX executable cmTC_a5e04
/snap/cmake/252/bin/cmake -E cmake_link_script CMakeFiles/cmTC_a5e04.dir/link.txt --verbose=1
/usr/bin/c++  -DVERSION_INFO=\"1.0\" -DCHECK_FUNCTION_EXISTS=pthread_create    CMakeFiles/cmTC_a5e04.dir/CheckFunctionExists.cxx.o  -o cmTC_a5e04  -lpthreads 
/usr/bin/ld: cannot find -lpthreads
collect2: error: ld returned 1 exit status
CMakeFiles/cmTC_a5e04.dir/build.make:86: recipe for target 'cmTC_a5e04' failed
make[1]: *** [cmTC_a5e04] Error 1
make[1]: Leaving directory '/home/itiv/Desktop/repo/scenarios_in_CarMaker/BA_Daniel/Kitti-Detector/spconv/build/temp.linux-x86_64-3.6/CMakeFiles/CMakeTmp'
Makefile:121: recipe for target 'cmTC_a5e04/fast' failed
make: *** [cmTC_a5e04/fast] Error 2



